<?xml version="1.0" encoding="UTF-8"?>
<!-- Generated by org.testng.reporters.JUnitReportReporter -->
<testsuite hostname="shavdas-MacBook-Pro.local" failures="0" tests="7" name="com.progressiveTest.TestingArea" time="134.091" errors="0" timestamp="2021-01-27T17:02:37 EST" skipped="0">
  <testcase classname="com.progressiveTest.TestingArea" name="verifyHomePage" time="3.450"/>
  <system-out/>
  <testcase classname="com.progressiveTest.TestingArea" name="onlyAutoHomepage" time="0.517"/>
  <system-out/>
  <testcase classname="com.progressiveTest.TestingArea" name="personalInformationForstartQuote" time="21.529"/>
  <system-out/>
  <testcase classname="com.progressiveTest.TestingArea" name="vehiclesInformation" time="32.601"/>
  <system-out/>
  <testcase classname="com.progressiveTest.TestingArea" name="moreInformationAboutOwner" time="53.106"/>
  <system-out/>
  <testcase classname="com.progressiveTest.TestingArea" name="previousInsuranceInformation" time="12.362"/>
  <system-out/>
  <testcase classname="com.progressiveTest.TestingArea" name="enrollSnap" time="10.526"/>
  <system-out/>
</testsuite> <!-- com.progressiveTest.TestingArea -->
