<?xml version="1.0" encoding="UTF-8"?>
<!-- Generated by org.testng.reporters.JUnitReportReporter -->
<testsuite hostname="shavdas-MacBook-Pro.local" failures="0" tests="1" name="com.GoogleTest.HomePageGoogleTest" time="12.812" errors="0" timestamp="2021-01-27T17:02:37 EST" skipped="0">
  <testcase classname="com.GoogleTest.HomePageGoogleTest" name="GoogleSearch" time="12.812"/>
  <system-out/>
</testsuite> <!-- com.GoogleTest.HomePageGoogleTest -->
