<?xml version="1.0" encoding="UTF-8"?>
<!-- Generated by org.testng.reporters.JUnitReportReporter -->
<testsuite hostname="shavdas-MacBook-Pro.local" failures="0" tests="7" name="com.progressiveTest.TestingArea" time="148.714" errors="0" timestamp="2021-01-31T14:43:52 EST" skipped="0">
  <testcase classname="com.progressiveTest.TestingArea" name="verifyHomePage" time="3.649"/>
  <system-out/>
  <testcase classname="com.progressiveTest.TestingArea" name="onlyAutoHomepage" time="0.430"/>
  <system-out/>
  <testcase classname="com.progressiveTest.TestingArea" name="personalInformationForstartQuote" time="18.665"/>
  <system-out/>
  <testcase classname="com.progressiveTest.TestingArea" name="vehiclesInformation" time="42.854"/>
  <system-out/>
  <testcase classname="com.progressiveTest.TestingArea" name="moreInformationAboutOwner" time="36.082"/>
  <system-out/>
  <testcase classname="com.progressiveTest.TestingArea" name="previousInsuranceInformation" time="24.709"/>
  <system-out/>
  <testcase classname="com.progressiveTest.TestingArea" name="enrollSnap" time="22.325"/>
  <system-out/>
</testsuite> <!-- com.progressiveTest.TestingArea -->
